<?xml version="1.0" encoding="UTF-8"?>
<testng-results ignored="0" total="1" passed="1" failed="0" skipped="0">
  <reporter-output>
  </reporter-output>
  <suite started-at="2020-08-16T15:07:12Z" name="BDD Automation Devops" finished-at="2020-08-16T15:07:17Z" duration-ms="5753">
    <groups>
      <group name="cucumber">
        <method signature="AbstractTestNGCucumberTests.feature(cucumber.api.testng.CucumberFeatureWrapper)[pri:0, instance:testRunners.getPostRunner@26b3fd41]" name="feature" class="cucumber.api.testng.AbstractTestNGCucumberTests"/>
      </group> <!-- cucumber -->
    </groups>
    <test started-at="2020-08-16T15:07:12Z" name="Get and check API status code" finished-at="2020-08-16T15:07:17Z" duration-ms="5753">
      <class name="testRunners.getPostRunner">
        <test-method is-config="true" signature="setUpClass()[pri:0, instance:testRunners.getPostRunner@26b3fd41]" started-at="2020-08-16T15:07:12Z" name="setUpClass" finished-at="2020-08-16T15:07:12Z" duration-ms="417" status="PASS">
          <reporter-output>
          </reporter-output>
        </test-method> <!-- setUpClass -->
        <test-method signature="feature(cucumber.api.testng.CucumberFeatureWrapper)[pri:0, instance:testRunners.getPostRunner@26b3fd41]" started-at="2020-08-16T15:07:12Z" name="feature" description="Runs Cucumber Feature" data-provider="features" finished-at="2020-08-16T15:07:17Z" duration-ms="5124" status="PASS">
          <params>
            <param index="0">
              <value>
                <![CDATA[Check status code of API]]>
              </value>
            </param>
          </params>
          <reporter-output>
          </reporter-output>
        </test-method> <!-- feature -->
        <test-method is-config="true" signature="tearDownClass()[pri:0, instance:testRunners.getPostRunner@26b3fd41]" started-at="2020-08-16T15:07:17Z" name="tearDownClass" finished-at="2020-08-16T15:07:17Z" duration-ms="29" status="PASS">
          <reporter-output>
          </reporter-output>
        </test-method> <!-- tearDownClass -->
      </class> <!-- testRunners.getPostRunner -->
    </test> <!-- Get and check API status code -->
  </suite> <!-- BDD Automation Devops -->
</testng-results>
